[ERROR]:
[ERROR]:
[ERROR]:
[ERROR]:
[ERROR]:
[ERROR]:
[ERROR]:
[ERROR]:
[ERROR]:
[ERROR]:
[ERROR]:
2026-02-13T05:33:22.736Z server01 PaymentGateway [ERROR]: Operation started for user 503
2026-02-13T05:31:21.037Z server01 AuthController [ERROR]: Operation completed for user 816
2026-02-13T17:54:53.572Z server01 PaymentGateway [ERROR]: Operation pending for user 228
2026-02-18T00:28:03.358Z server01 PaymentGateway [ERROR]: Operation pending for user 395
2026-02-16T00:16:48.651Z server01 DatabaseConnector [ERROR]: Operation failed for user 816
2026-02-18T17:08:25.447Z server01 AuthController [ERROR]: Operation pending for user 317
2026-02-18T01:03:42.345Z server01 AuthController [ERROR]: Operation started for user 363
2026-02-16T14:08:33.032Z server01 AuthController [ERROR]: Operation pending for user 275
2026-02-15T02:13:16.313Z server01 AuthController [ERROR]: Operation pending for user 277
2026-02-18T01:55:10.588Z server01 PaymentGateway [ERROR]: Operation completed for user 201
2026-02-12T15:16:49.200Z server01 PaymentGateway [ERROR]: Operation completed for user 252
